[2024-03-03 15:26:45] Error: Failed to load function library
[2024-03-03 15:26:56] Error: Failed to load function library
[2024-03-03 15:27:20] Error: Failed to load function library
[2024-03-03 15:27:24] Error: Failed to load function library
[2024-03-03 15:29:22] Error: Failed to load function library
[2024-03-03 15:29:39] Error: Failed to load function library
[2024-03-03 15:29:42] Error: Failed to load function library
[2024-03-03 15:29:45] Error: Failed to load function library
[2024-03-03 15:29:52] Error: Failed to load function library
2024-03-03 16:01:26 - Invalid option: e
2024-03-03 16:01:28 - Invalid option: e
2024-03-03 16:02:43 - Invalid option: y
2024-03-03 16:02:50 - Invalid option: i
2024-03-03 16:02:55 - Invalid option: e
2024-03-03 19:36:08 - Option -k requires an argument.
2024-03-03 19:36:15 - Option -k requires an argument.
2024-03-03 19:36:17 - Option -k requires an argument.
2024-03-03 19:37:24 - Option -k requires an argument.
2024-03-03 19:37:29 - Option -k requires an argument.
2024-03-03 19:37:43 - Option -k requires an argument.
2024-03-03 19:37:59 - Option -k requires an argument.
2024-03-03 19:38:23 - Option -k requires an argument.
[2024-03-03 19:43:53] Error: Failed to generate RAM report
2024-03-03 19:43:53 - Error: Failed to generate RAM report
2024-03-04 11:31:54 - Invalid option: -k
